test.obj : error LNK2019: 无法解析的外部符号 SeqLInit，函数 TestSeqList1 中引用了该符号
D:\Git_DaStruct\2_4_19_fuza_lianbiao\x64\Debug\2_4_19_fuza_lianbiao.exe : fatal error LNK1120: 1 个无法解析的外部命令
